Command line:
"travis"


   ________                                 __
  /        |                               /  |
  ########/ ______    ______    __     __  ##/    _______
     ## |  /      \  /      \  /  \   /  | /  |  /       |
     ## | /######  | ######  | ##  \ /##/  ## | /#######/
     ## | ## |  ##/  /    ## |  ##  /##/   ## | ##      \
     ## | ## |      /####### |   ## ##/    ## |  ######  |
     ## | ## |      ##    ## |    ###/     ## | /     ##/
     ##/  ##/        #######/      #/      ##/  #######/

     TRajectory Analyzer and VISualizer  -  Open-source freeware under GNU GPL v3

     Copyright (c) Martin Brehm      (2009-2014)
                   Martin Thomas     (2012-2014)
                   Barbara Kirchner  (2009-2014)
                   University of Leipzig / University of Bonn.

     http://www.travis-analyzer.de

     Please cite:
     M. Brehm and B. Kirchner, J. Chem. Inf. Model. 2011, 51 (8), pp 2007-2023.

     There is absolutely no warranty on any results obtained from TRAVIS.

  #  Running on ubuntu at Sat Nov 11 16:13:33 2017 (PID 7764).
  #  Running in /home/artur/IdeaProjects/42-09-2017
  #  Source code version: Jan 17 2014.
  #  Compiled at Jan 19 2014 05:12:11.
  #  Compiler version: 4.8.2
  #  Target platform: Linux
  #  Compile flags: DEBUG_ARRAYS 
  #  Machine: int=4b, long=8b, addr=8b, 0xA0B0C0D0=D0,C0,B0,A0.
  #  User home: /home/artur
  #  Exe path: /usr/bin/travis
  #  Input from terminal, Output to terminal

 >>> Please use a color scheme with dark background or specify "-nocolor"! <<<

    No configuration file found.
    Writing default configuration to /home/artur/.travis.conf ...

    No trajectory file specified.
    Please use the -p flag to specify an input trajectory in the command line.

    Enter the file name of the trajectory file to open: [Quit] 

*** SIGINT caught: Hard interrupt by user ***
Stopping Execution.
Decoding line numbers... ("addr2line <addr> -f -i -C -e /usr/bin/travis")
 # 13 - [0x0044dee1] - ?? - ??:0 
 # 12 - [0x0044e3f9] - ?? - ??:0 
 # 11 - [0x0044e4aa] - ?? - ??:0 
 #  4 - [0x0052e70c] - ?? - ??:0 
 #  3 - [0x00403c66] - ?? - ??:0 
 #  1 - [0x00433d0a] - ?? - ??:0 
Delivering Control to Operating System.
